<!doctype html>
<html>
  <head>
    <meta charset="utf-8">
    <link rel="stylesheet" type="text/css" href="css/style.css">
    <script type="text/javascript" src="lib/jquery.js"></script>
    <script type="text/javascript" src="lib/jquery.emoji.js"></script>
    <title>Installation fails</title>
  </head>
  <body>
    <div class="container">
      <header>
        <p>
          <span class="badge closed">closed</span>
          <span class="url">jekyll/jekyll-help#22</span>
        </p>
        <h1>Installation fails</h1>
      </header>
      <div class="comments">
        <div class="comment">
          <div class="meta">
            <a class="person" href="https://github.com/">kevinpapst</a>
            <time>Friday, April 25, 2014</time>
          </div>
          <div class="body">
            <p>Hi,
just wante to give jekyll a try and can&#39;t pass the installation on MacOSX.
I did a &quot;sudo gem update --system&quot; and then tried to install jekyll with &quot;sudo gem install jekyll&quot;, which results in:</p>
<pre><code>Building native extensions.  This could take a while...
ERROR:  Error installing jekyll:
    ERROR: Failed to build gem native extension.

    /System/Library/Frameworks/Ruby.framework/Versions/2.0/usr/bin/ruby extconf.rb
creating Makefile

make &quot;DESTDIR=&quot; clean

make &quot;DESTDIR=&quot;
compiling porter.c
porter.c:359:27: warning: &#39;&amp;&amp;&#39; within &#39;||&#39; [-Wlogical-op-parentheses]
      if (a &gt; 1 || a == 1 &amp;&amp; !cvc(z, z-&gt;k - 1)) z-&gt;k--;
                ~~ ~~~~~~~^~~~~~~~~~~~~~~~~~~~
porter.c:359:27: note: place parentheses around the &#39;&amp;&amp;&#39; expression to silence this warning
      if (a &gt; 1 || a == 1 &amp;&amp; !cvc(z, z-&gt;k - 1)) z-&gt;k--;
                          ^
                   (                          )
1 warning generated.
compiling porter_wrap.c
linking shared-object stemmer.bundle
clang: error: unknown argument: &#39;-multiply_definedsuppress&#39; [-Wunused-command-line-argument-hard-error-in-future]
clang: note: this will be a hard error (cannot be downgraded to a warning) in the future
make: *** [stemmer.bundle] Error 1

make failed, exit code 2

Gem files will remain installed in /Library/Ruby/Gems/2.0.0/gems/fast-stemmer-1.0.2 for inspection.
Results logged to /Library/Ruby/Gems/2.0.0/extensions/universal-darwin-13/2.0.0/fast-stemmer-1.0.2/gem_make.out
</code></pre><p>What am I doing wrong?</p>

          </div>
        </div>

        <div class="comment">
          <div class="meta">
            <a class="person" href="https://github.com/mscharley">
              mscharley
            </a>
            <time>Friday, April 25, 2014</time>
          </div>
          <div class="body"><p>Have a look through jekyll/jekyll#2125</p>
</div>
        </div>
        <div class="comment">
          <div class="meta">
            <a class="person" href="https://github.com/kevinpapst">
              kevinpapst
            </a>
            <time>Friday, April 25, 2014</time>
          </div>
          <div class="body"><p>Thanks for the link :) could install it now, closing this issue.</p>
</div>
        </div>
      </div>
    </div>

    <script type="text/javascript">
      $(document).ready(function(){
        $('.comment').each(function(i, d){
          $(d).emoji()
        })
      })
    </script>

  </body>
</html>
